<?xml version="1.0" encoding="UTF-8"?>
<!-- Generated by org.testng.reporters.JUnitReportReporter -->
<testsuite hostname="DESKTOP-QV1V0CM" failures="0" tests="1" name="com.tutorialsninja.qa.testcases.Login" time="48.561" errors="0" timestamp="2023-03-22T19:31:43 IST" skipped="0">
  <testcase classname="com.tutorialsninja.qa.testcases.Login" name="verifyLoginWithValidCredentials" time="48.561"/>
  <system-out/>
</testsuite> <!-- com.tutorialsninja.qa.testcases.Login -->
